<?xml version="1.0" encoding="UTF-8"?>
<!-- Generated by org.testng.reporters.JUnitXMLReporter -->
<testsuite hostname="DBHOMEHP" ignored="0" name="Login Test" tests="3" failures="0" timestamp="2022-12-12T15:13:52 GMT" time="15.003" errors="0">
  <testcase name="UserShouldLoginSuccessfullyWithValidCredentials" time="0.511" classname="com.herokuapp.internet.testsuit.LoginTest"/>
  <testcase name="verifyThePasswordErrorMessage" time="0.489" classname="com.herokuapp.internet.testsuit.LoginTest"/>
  <testcase name="verifyTheUsernameErrorMessage" time="0.5" classname="com.herokuapp.internet.testsuit.LoginTest"/>
</testsuite> <!-- Login Test -->
